Case #1: 
GGG
CCC
JJJ
Case #2: 
CODE
CODE
JJAM
Case #3: 
CA
KE
Case #4: 
A
A
Case #5: 
FCBA
EHGG
DDDD
Case #6: 
GBDD
CHEA
FIII
Case #7: 
CCB
EEE
DDD
AAF
Case #8: 
AABB
CCCD
EEFF
Case #9: 
IGA
KBE
CLD
HFJ
Case #10: 
CHK
BGF
EIJ
DLA
Case #11: 
AA
CB
Case #12: 
BEEE
BEEE
CAAD
Case #13: 
A
A
B
B
C
C
D
D
E
E
F
F
Case #14: 
AAB
Case #15: 
ADD
BBB
CCE
Case #16: 
BBBB
CCCC
EEAD
Case #17: 
BHH
IJD
FEK
CGA
Case #18: 
EEEE
CCCC
AABD
Case #19: 
ACCC
EEEE
BBDF
Case #20: 
DDD
BAC
Case #21: 
DDB
CCC
FFE
AAA
Case #22: 
AB
Case #23: 
ABCD
ABCD
ABCD
Case #24: 
DACB
DACB
EEEE
Case #25: 
AAB
CCC
DDD
EEF
Case #26: 
DA
BC
Case #27: 
AA
AA
BB
DD
CE
CE
Case #28: 
BBDD
EEEA
CCCC
Case #29: 
A
Case #30: 
CAA
DDD
FFE
BBB
Case #31: 
ABCD
ABCD
ABCD
Case #32: 
JDII
ACGB
EHFF
Case #33: 
AAAA
BBBB
CCCC
Case #34: 
HJDK
GACF
IIEB
Case #35: 
AA
Case #36: 
AAF
CCC
BBB
EDD
Case #37: 
FDJ
GCB
EHA
IKK
Case #38: 
DEEE
BBBB
CCCA
Case #39: 
EEE
CBD
AAA
AAA
Case #40: 
EEB
EEB
DAF
CCC
Case #41: 
DFGH
BIAE
CJJJ
Case #42: 
AA
AA
Case #43: 
AA
BB
Case #44: 
BCC
BCC
EEE
AFD
Case #45: 
BBBB
EEEE
DAAC
Case #46: 
EACC
DBBB
DBBB
Case #47: 
AAAA
CCDD
EEBB
Case #48: 
BAC
BAC
DDE
FFF
Case #49: 
JDA
IFE
KCG
HBB
Case #50: 
DEE
BII
FAH
GJC
Case #51: 
ABC
DDD
EEE
Case #52: 
CIJL
BKHG
DEFA
Case #53: 
AA
AA
AA
BB
Case #54: 
ACB
Case #55: 
BBB
AAA
Case #56: 
BBB
EEE
AAD
CFF
Case #57: 
CCD
CCD
FFA
EEB
Case #58: 
AAAA
BBBB
CCCC
Case #59: 
CAA
BDE
Case #60: 
GDEE
BFAA
CCCC
Case #61: 
AAA
EBB
CCC
DDF
Case #62: 
BBBA
DCCC
EEEE
Case #63: 
EECB
DDDA
DDDA
Case #64: 
BBAC
DDDE
DDDE
Case #65: 
CCC
AAA
DEB
FFF
Case #66: 
FFB
DDC
AAA
EEE
Case #67: 
BBBB
AAAA
Case #68: 
CDD
IHH
FEG
BAA
Case #69: 
CCJJ
CCJJ
CCJJ
Case #70: 
BBB
EDD
CGA
FFF
Case #71: 
FBDC
AAEE
AAEE
Case #72: 
AAB
CCC
DDE
FFF
Case #73: 
AAAA
BBBB
CCCC
Case #74: 
AAAA
BBBB
CCCC
Case #75: 
AAA
Case #76: 
FDH
GEA
CBB
CBB
Case #77: 
AA
BB
CC
DD
EE
FF
Case #78: 
EEEC
DDDD
AABB
Case #79: 
AABBCC
DDDEEF
Case #80: 
FGEB
HACC
DDDD
Case #81: 
CCCC
EEEE
DDBA
Case #82: 
EEJ
DGF
AIB
HHC
Case #83: 
BBC
AAA
Case #84: 
FFF
FFF
ECC
DBA
Case #85: 
DDD
EEE
BBC
AAF
Case #86: 
CCC
ADE
FFF
BBB
Case #87: 
ECF
AAD
BBB
BBB
Case #88: 
AAA
AAA
Case #89: 
EEEE
BBBC
DDDA
Case #90: 
DDCA
EBBB
EBBB
Case #91: 
BDD
BDD
FEE
CCA
Case #92: 
EEEE
CCCD
BBAA
Case #93: 
BAE
FCD
Case #94: 
GBA
JCH
EFD
III
Case #95: 
BBDA
BBDA
CEEE
Case #96: 
A
B
Case #97: 
AFED
CBBB
CBBB
Case #98: 
FGBE
CCDA
CCDA
Case #99: 
AABBCCDDEEFF
Case #100: 
ABCD
ABCD
ABCD
